[15-Jul-2017 08:06:59 UTC] PHP Parse error:  syntax error, unexpected '{' in /home/ubuntu/workspace/cms/storage/framework/views/450d54023cac52d243fd0738556fc3139dbf1c5e.php on line 61
[15-Jul-2017 08:06:59 UTC] PHP Stack trace:
[15-Jul-2017 08:06:59 UTC] PHP   1. {main}() /home/ubuntu/workspace/cms/public/index.php:0
[15-Jul-2017 08:06:59 UTC] PHP   2. Illuminate\Foundation\Http\Kernel->handle() /home/ubuntu/workspace/cms/public/index.php:54
[15-Jul-2017 08:06:59 UTC] PHP   3. Illuminate\Foundation\Http\Kernel->sendRequestThroughRouter() /home/ubuntu/workspace/cms/vendor/laravel/framework/src/Illuminate/Foundation/Http/Kernel.php:99
[15-Jul-2017 08:06:59 UTC] PHP   4. Illuminate\Pipeline\Pipeline->then() /home/ubuntu/workspace/cms/vendor/laravel/framework/src/Illuminate/Foundation/Http/Kernel.php:132
[15-Jul-2017 08:06:59 UTC] PHP   5. call_user_func:{/home/ubuntu/workspace/cms/vendor/laravel/framework/src/Illuminate/Pipeline/Pipeline.php:103}() /home/ubuntu/workspace/cms/vendor/laravel/framework/src/Illuminate/Pipeline/Pipeline.php:103
[15-Jul-2017 08:06:59 UTC] PHP   6. Illuminate\Routing\Pipeline->Illuminate\Routing\{closure}() /home/ubuntu/workspace/cms/vendor/laravel/framework/src/Illuminate/Pipeline/Pipeline.php:103
[15-Jul-2017 08:06:59 UTC] PHP   7. call_user_func:{/home/ubuntu/workspace/cms/vendor/laravel/framework/src/Illuminate/Routing/Pipeline.php:32}() /home/ubuntu/workspace/cms/vendor/laravel/framework/src/Illuminate/Routing/Pipeline.php:32
[15-Jul-2017 08:06:59 UTC] PHP   8. Illuminate\Pipeline\Pipeline->Illuminate\Pipeline\{closure}() /home/ubuntu/workspace/cms/vendor/laravel/framework/src/Illuminate/Routing/Pipeline.php:32
[15-Jul-2017 08:06:59 UTC] PHP   9. call_user_func_array:{/home/ubuntu/workspace/cms/vendor/laravel/framework/src/Illuminate/Pipeline/Pipeline.php:136}() /home/ubuntu/workspace/cms/vendor/laravel/framework/src/Illuminate/Pipeline/Pipeline.php:136
[15-Jul-2017 08:06:59 UTC] PHP  10. Illuminate\Foundation\Http\Middleware\CheckForMaintenanceMode->handle() /home/ubuntu/workspace/cms/vendor/laravel/framework/src/Illuminate/Pipeline/Pipeline.php:136
[15-Jul-2017 08:06:59 UTC] PHP  11. Illuminate\Routing\Pipeline->Illuminate\Routing\{closure}() /home/ubuntu/workspace/cms/vendor/laravel/framework/src/Illuminate/Foundation/Http/Middleware/CheckForMaintenanceMode.php:44
[15-Jul-2017 08:06:59 UTC] PHP  12. call_user_func:{/home/ubuntu/workspace/cms/vendor/laravel/framework/src/Illuminate/Routing/Pipeline.php:32}() /home/ubuntu/workspace/cms/vendor/laravel/framework/src/Illuminate/Routing/Pipeline.php:32
[15-Jul-2017 08:06:59 UTC] PHP  13. Illuminate\Pipeline\Pipeline->Illuminate\Pipeline\{closure}() /home/ubuntu/workspace/cms/vendor/laravel/framework/src/Illuminate/Routing/Pipeline.php:32
[15-Jul-2017 08:06:59 UTC] PHP  14. call_user_func_array:{/home/ubuntu/workspace/cms/vendor/laravel/framework/src/Illuminate/Pipeline/Pipeline.php:136}() /home/ubuntu/workspace/cms/vendor/laravel/framework/src/Illuminate/Pipeline/Pipeline.php:136
[15-Jul-2017 08:06:59 UTC] PHP  15. Barryvdh\Debugbar\Middleware\Debugbar->handle() /home/ubuntu/workspace/cms/vendor/laravel/framework/src/Illuminate/Pipeline/Pipeline.php:136
[15-Jul-2017 08:06:59 UTC] PHP  16. Illuminate\Routing\Pipeline->Illuminate\Routing\{closure}() /home/ubuntu/workspace/cms/vendor/barryvdh/laravel-debugbar/src/Middleware/Debugbar.php:51
[15-Jul-2017 08:06:59 UTC] PHP  17. call_user_func:{/home/ubuntu/workspace/cms/vendor/laravel/framework/src/Illuminate/Routing/Pipeline.php:52}() /home/ubuntu/workspace/cms/vendor/laravel/framework/src/Illuminate/Routing/Pipeline.php:52
[15-Jul-2017 08:06:59 UTC] PHP  18. Illuminate\Foundation\Http\Kernel->Illuminate\Foundation\Http\{closure}() /home/ubuntu/workspace/cms/vendor/laravel/framework/src/Illuminate/Routing/Pipeline.php:52
[15-Jul-2017 08:06:59 UTC] PHP  19. Illuminate\Routing\Router->dispatch() /home/ubuntu/workspace/cms/vendor/laravel/framework/src/Illuminate/Foundation/Http/Kernel.php:246
[15-Jul-2017 08:06:59 UTC] PHP  20. Illuminate\Routing\Router->dispatchToRoute() /home/ubuntu/workspace/cms/vendor/laravel/framework/src/Illuminate/Routing/Router.php:675
[15-Jul-2017 08:06:59 UTC] PHP  21. Illuminate\Routing\Router->runRouteWithinStack() /home/ubuntu/workspace/cms/vendor/laravel/framework/src/Illuminate/Routing/Router.php:699
[15-Jul-2017 08:06:59 UTC] PHP  22. Illuminate\Pipeline\Pipeline->then() /home/ubuntu/workspace/cms/vendor/laravel/framework/src/Illuminate/Routing/Router.php:726
[15-Jul-2017 08:06:59 UTC] PHP  23. call_user_func:{/home/ubuntu/workspace/cms/vendor/laravel/framework/src/Illuminate/Pipeline/Pipeline.php:103}() /home/ubuntu/workspace/cms/vendor/laravel/framework/src/Illuminate/Pipeline/Pipeline.php:103
[15-Jul-2017 08:06:59 UTC] PHP  24. Illuminate\Routing\Pipeline->Illuminate\Routing\{closure}() /home/ubuntu/workspace/cms/vendor/laravel/framework/src/Illuminate/Pipeline/Pipeline.php:103
[15-Jul-2017 08:06:59 UTC] PHP  25. call_user_func:{/home/ubuntu/workspace/cms/vendor/laravel/framework/src/Illuminate/Routing/Pipeline.php:32}() /home/ubuntu/workspace/cms/vendor/laravel/framework/src/Illuminate/Routing/Pipeline.php:32
[15-Jul-2017 08:06:59 UTC] PHP  26. Illuminate\Pipeline\Pipeline->Illuminate\Pipeline\{closure}() /home/ubuntu/workspace/cms/vendor/laravel/framework/src/Illuminate/Routing/Pipeline.php:32
[15-Jul-2017 08:06:59 UTC] PHP  27. call_user_func_array:{/home/ubuntu/workspace/cms/vendor/laravel/framework/src/Illuminate/Pipeline/Pipeline.php:136}() /home/ubuntu/workspace/cms/vendor/laravel/framework/src/Illuminate/Pipeline/Pipeline.php:136
[15-Jul-2017 08:06:59 UTC] PHP  28. Illuminate\Cookie\Middleware\EncryptCookies->handle() /home/ubuntu/workspace/cms/vendor/laravel/framework/src/Illuminate/Pipeline/Pipeline.php:136
[15-Jul-2017 08:06:59 UTC] PHP  29. Illuminate\Routing\Pipeline->Illuminate\Routing\{closure}() /home/ubuntu/workspace/cms/vendor/laravel/framework/src/Illuminate/Cookie/Middleware/EncryptCookies.php:59
[15-Jul-2017 08:06:59 UTC] PHP  30. call_user_func:{/home/ubuntu/workspace/cms/vendor/laravel/framework/src/Illuminate/Routing/Pipeline.php:32}() /home/ubuntu/workspace/cms/vendor/laravel/framework/src/Illuminate/Routing/Pipeline.php:32
[15-Jul-2017 08:06:59 UTC] PHP  31. Illuminate\Pipeline\Pipeline->Illuminate\Pipeline\{closure}() /home/ubuntu/workspace/cms/vendor/laravel/framework/src/Illuminate/Routing/Pipeline.php:32
[15-Jul-2017 08:06:59 UTC] PHP  32. call_user_func_array:{/home/ubuntu/workspace/cms/vendor/laravel/framework/src/Illuminate/Pipeline/Pipeline.php:136}() /home/ubuntu/workspace/cms/vendor/laravel/framework/src/Illuminate/Pipeline/Pipeline.php:136
[15-Jul-2017 08:06:59 UTC] PHP  33. Illuminate\Cookie\Middleware\AddQueuedCookiesToResponse->handle() /home/ubuntu/workspace/cms/vendor/laravel/framework/src/Illuminate/Pipeline/Pipeline.php:136
[15-Jul-2017 08:06:59 UTC] PHP  34. Illuminate\Routing\Pipeline->Illuminate\Routing\{closure}() /home/ubuntu/workspace/cms/vendor/laravel/framework/src/Illuminate/Cookie/Middleware/AddQueuedCookiesToResponse.php:37
[15-Jul-2017 08:06:59 UTC] PHP  35. call_user_func:{/home/ubuntu/workspace/cms/vendor/laravel/framework/src/Illuminate/Routing/Pipeline.php:32}() /home/ubuntu/workspace/cms/vendor/laravel/framework/src/Illuminate/Routing/Pipeline.php:32
[15-Jul-2017 08:06:59 UTC] PHP  36. Illuminate\Pipeline\Pipeline->Illuminate\Pipeline\{closure}() /home/ubuntu/workspace/cms/vendor/laravel/framework/src/Illuminate/Routing/Pipeline.php:32
[15-Jul-2017 08:06:59 UTC] PHP  37. call_user_func_array:{/home/ubuntu/workspace/cms/vendor/laravel/framework/src/Illuminate/Pipeline/Pipeline.php:136}() /home/ubuntu/workspace/cms/vendor/laravel/framework/src/Illuminate/Pipeline/Pipeline.php:136
[15-Jul-2017 08:06:59 UTC] PHP  38. Illuminate\Session\Middleware\StartSession->handle() /home/ubuntu/workspace/cms/vendor/laravel/framework/src/Illuminate/Pipeline/Pipeline.php:136
[15-Jul-2017 08:06:59 UTC] PHP  39. Illuminate\Routing\Pipeline->Illuminate\Routing\{closure}() /home/ubuntu/workspace/cms/vendor/laravel/framework/src/Illuminate/Session/Middleware/StartSession.php:64
[15-Jul-2017 08:06:59 UTC] PHP  40. call_user_func:{/home/ubuntu/workspace/cms/vendor/laravel/framework/src/Illuminate/Routing/Pipeline.php:32}() /home/ubuntu/workspace/cms/vendor/laravel/framework/src/Illuminate/Routing/Pipeline.php:32
[15-Jul-2017 08:06:59 UTC] PHP  41. Illuminate\Pipeline\Pipeline->Illuminate\Pipeline\{closure}() /home/ubuntu/workspace/cms/vendor/laravel/framework/src/Illuminate/Routing/Pipeline.php:32
[15-Jul-2017 08:06:59 UTC] PHP  42. call_user_func_array:{/home/ubuntu/workspace/cms/vendor/laravel/framework/src/Illuminate/Pipeline/Pipeline.php:136}() /home/ubuntu/workspace/cms/vendor/laravel/framework/src/Illuminate/Pipeline/Pipeline.php:136
[15-Jul-2017 08:06:59 UTC] PHP  43. Illuminate\View\Middleware\ShareErrorsFromSession->handle() /home/ubuntu/workspace/cms/vendor/laravel/framework/src/Illuminate/Pipeline/Pipeline.php:136
[15-Jul-2017 08:06:59 UTC] PHP  44. Illuminate\Routing\Pipeline->Illuminate\Routing\{closure}() /home/ubuntu/workspace/cms/vendor/laravel/framework/src/Illuminate/View/Middleware/ShareErrorsFromSession.php:49
[15-Jul-2017 08:06:59 UTC] PHP  45. call_user_func:{/home/ubuntu/workspace/cms/vendor/laravel/framework/src/Illuminate/Routing/Pipeline.php:32}() /home/ubuntu/workspace/cms/vendor/laravel/framework/src/Illuminate/Routing/Pipeline.php:32
[15-Jul-2017 08:06:59 UTC] PHP  46. Illuminate\Pipeline\Pipeline->Illuminate\Pipeline\{closure}() /home/ubuntu/workspace/cms/vendor/laravel/framework/src/Illuminate/Routing/Pipeline.php:32
[15-Jul-2017 08:06:59 UTC] PHP  47. call_user_func_array:{/home/ubuntu/workspace/cms/vendor/laravel/framework/src/Illuminate/Pipeline/Pipeline.php:136}() /home/ubuntu/workspace/cms/vendor/laravel/framework/src/Illuminate/Pipeline/Pipeline.php:136
[15-Jul-2017 08:06:59 UTC] PHP  48. Illuminate\Foundation\Http\Middleware\VerifyCsrfToken->handle() /home/ubuntu/workspace/cms/vendor/laravel/framework/src/Illuminate/Pipeline/Pipeline.php:136
[15-Jul-2017 08:06:59 UTC] PHP  49. Illuminate\Routing\Pipeline->Illuminate\Routing\{closure}() /home/ubuntu/workspace/cms/vendor/laravel/framework/src/Illuminate/Foundation/Http/Middleware/VerifyCsrfToken.php:64
[15-Jul-2017 08:06:59 UTC] PHP  50. call_user_func:{/home/ubuntu/workspace/cms/vendor/laravel/framework/src/Illuminate/Routing/Pipeline.php:52}() /home/ubuntu/workspace/cms/vendor/laravel/framework/src/Illuminate/Routing/Pipeline.php:52
[15-Jul-2017 08:06:59 UTC] PHP  51. Illuminate\Routing\Router->Illuminate\Routing\{closure}() /home/ubuntu/workspace/cms/vendor/laravel/framework/src/Illuminate/Routing/Pipeline.php:52
[15-Jul-2017 08:06:59 UTC] PHP  52. Illuminate\Routing\Router->prepareResponse() /home/ubuntu/workspace/cms/vendor/laravel/framework/src/Illuminate/Routing/Router.php:725
[15-Jul-2017 08:06:59 UTC] PHP  53. Symfony\Component\HttpFoundation\Response->__construct() /home/ubuntu/workspace/cms/vendor/laravel/framework/src/Illuminate/Routing/Router.php:1085
[15-Jul-2017 08:06:59 UTC] PHP  54. Illuminate\Http\Response->setContent() /home/ubuntu/workspace/cms/vendor/symfony/http-foundation/Response.php:201
[15-Jul-2017 08:06:59 UTC] PHP  55. Illuminate\View\View->render() /home/ubuntu/workspace/cms/vendor/laravel/framework/src/Illuminate/Http/Response.php:53
[15-Jul-2017 08:06:59 UTC] PHP  56. Illuminate\View\View->renderContents() /home/ubuntu/workspace/cms/vendor/laravel/framework/src/Illuminate/View/View.php:85
[15-Jul-2017 08:06:59 UTC] PHP  57. Illuminate\View\View->getContents() /home/ubuntu/workspace/cms/vendor/laravel/framework/src/Illuminate/View/View.php:120
[15-Jul-2017 08:06:59 UTC] PHP  58. Illuminate\View\Engines\CompilerEngine->get() /home/ubuntu/workspace/cms/vendor/laravel/framework/src/Illuminate/View/View.php:149
[15-Jul-2017 08:06:59 UTC] PHP  59. Illuminate\View\Engines\PhpEngine->evaluatePath() /home/ubuntu/workspace/cms/vendor/laravel/framework/src/Illuminate/View/Engines/CompilerEngine.php:59
